[debug] [2018-11-01T13:48:04.880Z] ----------------------------------------------------------------------
[debug] [2018-11-01T13:48:05.010Z] Command:       C:\Program Files\nodejs\node.exe C:\Users\STD\AppData\Roaming\npm\node_modules\firebase-tools\bin\firebase serve
[debug] [2018-11-01T13:48:05.010Z] CLI Version:   4.2.1
[debug] [2018-11-01T13:48:05.010Z] Platform:      win32
[debug] [2018-11-01T13:48:05.010Z] Node Version:  v8.11.3
[debug] [2018-11-01T13:48:05.011Z] Time:          Thu Nov 01 2018 20:48:05 GMT+0700 (SE Asia Standard Time)
[debug] [2018-11-01T13:48:05.011Z] ----------------------------------------------------------------------
[debug] 
[debug] [2018-11-01T13:48:05.233Z] > command requires scopes: ["email","openid","https://www.googleapis.com/auth/cloudplatformprojects.readonly","https://www.googleapis.com/auth/firebase","https://www.googleapis.com/auth/cloud-platform"]
[debug] [2018-11-01T13:48:05.234Z] > authorizing via signed-in user
[debug] [2018-11-01T13:48:05.236Z] >>> HTTP REQUEST GET https://admin.firebase.com/v1/projects/shopee-2bff8  
 
[debug] [2018-11-01T13:48:06.678Z] <<< HTTP RESPONSE 200
[debug] [2018-11-01T13:48:06.679Z] >>> HTTP REQUEST GET https://cloudresourcemanager.googleapis.com/v1/projects/shopee-2bff8  
 
[debug] [2018-11-01T13:48:08.127Z] <<< HTTP RESPONSE 200
[info] 
[info] === Serving from 'D:\977-341\quiz1'...
[info] 
[debug] [2018-11-01T13:48:08.129Z] >>> HTTP REQUEST GET https://mobilesdk-pa.googleapis.com/v1/projects/880895110797/clients/_:getWebAppConfig  
 
[debug] [2018-11-01T13:48:08.697Z] <<< HTTP RESPONSE 200
[info] i  hosting[shopee-2bff8]: Serving hosting files from: public
[info] +  hosting[shopee-2bff8]: Local server: http://localhost:5000
